#
# A fatal error has been detected by the Java Runtime Environment:
#
#  Internal Error (javaClasses.cpp:129), pid=9227, tid=3062811456
#  fatal error: Invalid layout of preloaded class
#
# JRE version: 7.0_21-b11
# Java VM: Java HotSpot(TM) Server VM (23.21-b01 mixed mode linux-x86 )
# Failed to write core dump. Core dumps have been disabled. To enable core dumping, try "ulimit -c unlimited" before starting Java again
#
# If you would like to submit a bug report, please visit:
#   http://bugreport.sun.com/bugreport/crash.jsp
#

---------------  T H R E A D  ---------------

Current thread (0xb6706800):  JavaThread "Unknown thread" [_thread_in_vm, id=9229, stack(0xb689c000,0xb68ed000)]

Stack: [0xb689c000,0xb68ed000],  sp=0xb68ebd90,  free space=319k
Native frames: (J=compiled Java code, j=interpreted, Vv=VM code, C=native code)
V  [libjvm.so+0x722359]  VMError::report_and_die()+0x199
V  [libjvm.so+0x2e946c]  report_fatal(char const*, int, char const*)+0x4c
V  [libjvm.so+0x416f80]  compute_offset(int&, klassOopDesc*, Symbol*, Symbol*, bool)+0x110
V  [libjvm.so+0x41b514]  java_lang_String::compute_offsets()+0x44
V  [libjvm.so+0x6b7695]  SystemDictionary::initialize_preloaded_classes(Thread*)+0x225
V  [libjvm.so+0x6ff198]  Universe::genesis(Thread*)+0x3f8
V  [libjvm.so+0x6ff60f]  universe2_init()+0x1f
V  [libjvm.so+0x3dd1b0]  init_globals()+0xa0
V  [libjvm.so+0x6e6b89]  Threads::create_vm(JavaVMInitArgs*, bool*)+0x1f9
V  [libjvm.so+0x424afc]  JNI_CreateJavaVM+0x5c
C  [libjli.so+0x2668]  JavaMain+0x98
C  [libpthread.so.0+0x6d78]  start_thread+0xd8


---------------  P R O C E S S  ---------------

Java Threads: ( => current thread )

Other Threads:

=>0xb6706800 (exited) JavaThread "Unknown thread" [_thread_in_vm, id=9229, stack(0xb689c000,0xb68ed000)]

VM state:not at safepoint (not fully initialized)

VM Mutex/Monitor currently owned by a thread: None

GC Heap History (0 events):
No events

Deoptimization events (0 events):
No events

Internal exceptions (0 events):
No events

Events (10 events):
Event: 0.007 loading class 0xb6734418 done
Event: 0.007 loading class 0xb6733d58 done
Event: 0.007 loading class 0xb6733d30
Event: 0.008 loading class 0xb6753c08
Event: 0.008 loading class 0xb6753c08 done
Event: 0.008 loading class 0xb6753c40
Event: 0.008 loading class 0xb6753c40 done
Event: 0.008 loading class 0xb6753c78
Event: 0.008 loading class 0xb6753c78 done
Event: 0.008 loading class 0xb6733d30 done


Dynamic libraries:
08048000-08049000 r-xp 00000000 08:07 2101115    /usr/lib/jvm/java-7-oracle/bin/java
08049000-0804a000 rw-p 00000000 08:07 2101115    /usr/lib/jvm/java-7-oracle/bin/java
08ba1000-08bc2000 rw-p 00000000 00:00 0          [heap]
6bbc6000-6bd9a000 rw-p 00000000 00:00 0 
6bd9a000-6be60000 r--s 0116f000 08:07 138203     /home/brutus/android-sdks/platforms/android-17/android.jar
6be60000-6eb00000 rw-p 00000000 00:00 0 
6eb00000-6eb21000 rw-p 00000000 00:00 0 
6eb21000-6ec00000 ---p 00000000 00:00 0 
6ec7f000-6ec80000 ---p 00000000 00:00 0 
6ec80000-6ed00000 rw-p 00000000 00:00 0          [stack:9233]
6ed00000-6ed21000 rw-p 00000000 00:00 0 
6ed21000-6ee00000 ---p 00000000 00:00 0 
6ee7f000-6ee80000 ---p 00000000 00:00 0 
6ee80000-6ef00000 rw-p 00000000 00:00 0          [stack:9232]
6ef00000-6ef21000 rw-p 00000000 00:00 0 
6ef21000-6f000000 ---p 00000000 00:00 0 
6f07f000-6f080000 ---p 00000000 00:00 0 
6f080000-6f100000 rw-p 00000000 00:00 0          [stack:9231]
6f100000-6f121000 rw-p 00000000 00:00 0 
6f121000-6f200000 ---p 00000000 00:00 0 
6f204000-6f228000 rw-p 00000000 00:00 0 
6f228000-6f229000 ---p 00000000 00:00 0 
6f229000-6f2b1000 rw-p 00000000 00:00 0          [stack:9230]
6f2b1000-6f2c9000 rw-p 00000000 00:00 0 
6f2c9000-6f2df000 rw-p 00000000 00:00 0 
6f2df000-6f41f000 rw-p 00000000 00:00 0 
6f41f000-6f427000 rw-p 00000000 00:00 0 
6f427000-6f43f000 rw-p 00000000 00:00 0 
6f43f000-6f455000 rw-p 00000000 00:00 0 
6f455000-6f594000 rw-p 00000000 00:00 0 
6f594000-6f59f000 rw-p 00000000 00:00 0 
6f59f000-6f63f000 rw-p 00000000 00:00 0 
6f63f000-70640000 rw-p 00000000 00:00 0 
70640000-73640000 rw-p 00000000 00:00 0 
73640000-760f0000 rw-p 00000000 00:00 0 
760f0000-9e0f0000 rw-p 00000000 00:00 0 
9e0f0000-9f640000 rw-p 00000000 00:00 0 
9f640000-b3640000 rw-p 00000000 00:00 0 
b3640000-b3649000 rw-p 00000000 00:00 0 
b3649000-b3700000 rw-p 00000000 00:00 0 
b3700000-b3940000 rwxp 00000000 00:00 0 
b3940000-b6765000 rw-p 00000000 00:00 0 
b6765000-b6800000 ---p 00000000 00:00 0 
b680c000-b6823000 r-xp 00000000 08:07 1967430    /usr/lib/jvm/java-7-oracle/jre/lib/i386/libzip.so
b6823000-b6824000 rw-p 00017000 08:07 1967430    /usr/lib/jvm/java-7-oracle/jre/lib/i386/libzip.so
b6824000-b682f000 r-xp 00000000 08:07 1049338    /lib/i386-linux-gnu/libnss_files-2.17.so
b682f000-b6830000 r--p 0000a000 08:07 1049338    /lib/i386-linux-gnu/libnss_files-2.17.so
b6830000-b6831000 rw-p 0000b000 08:07 1049338    /lib/i386-linux-gnu/libnss_files-2.17.so
b6831000-b683b000 r-xp 00000000 08:07 1049366    /lib/i386-linux-gnu/libnss_nis-2.17.so
b683b000-b683c000 r--p 00009000 08:07 1049366    /lib/i386-linux-gnu/libnss_nis-2.17.so
b683c000-b683d000 rw-p 0000a000 08:07 1049366    /lib/i386-linux-gnu/libnss_nis-2.17.so
b683d000-b6852000 r-xp 00000000 08:07 1049397    /lib/i386-linux-gnu/libnsl-2.17.so
b6852000-b6853000 r--p 00014000 08:07 1049397    /lib/i386-linux-gnu/libnsl-2.17.so
b6853000-b6854000 rw-p 00015000 08:07 1049397    /lib/i386-linux-gnu/libnsl-2.17.so
b6854000-b6856000 rw-p 00000000 00:00 0 
b6866000-b6867000 rw-p 00000000 00:00 0 
b6867000-b686f000 rw-s 00000000 08:07 2886652    /tmp/hsperfdata_brutus/9227
b686f000-b6892000 r-xp 00000000 08:07 1973705    /usr/lib/jvm/java-7-oracle/jre/lib/i386/libjava.so
b6892000-b6893000 rw-p 00023000 08:07 1973705    /usr/lib/jvm/java-7-oracle/jre/lib/i386/libjava.so
b6893000-b689a000 r-xp 00000000 08:07 1049334    /lib/i386-linux-gnu/librt-2.17.so
b689a000-b689b000 r--p 00006000 08:07 1049334    /lib/i386-linux-gnu/librt-2.17.so
b689b000-b689c000 rw-p 00007000 08:07 1049334    /lib/i386-linux-gnu/librt-2.17.so
b689c000-b689f000 ---p 00000000 00:00 0 
b689f000-b68ed000 rw-p 00000000 00:00 0          [stack:9229]
b68ed000-b692e000 r-xp 00000000 08:07 1049337    /lib/i386-linux-gnu/libm-2.17.so
b692e000-b692f000 r--p 00040000 08:07 1049337    /lib/i386-linux-gnu/libm-2.17.so
b692f000-b6930000 rw-p 00041000 08:07 1049337    /lib/i386-linux-gnu/libm-2.17.so
b6930000-b70eb000 r-xp 00000000 08:07 1969379    /usr/lib/jvm/java-7-oracle/jre/lib/i386/server/libjvm.so
b70eb000-b713d000 rw-p 007bb000 08:07 1969379    /usr/lib/jvm/java-7-oracle/jre/lib/i386/server/libjvm.so
b713d000-b7560000 rw-p 00000000 00:00 0 
b7560000-b770d000 r-xp 00000000 08:07 1049339    /lib/i386-linux-gnu/libc-2.17.so
b770d000-b770f000 r--p 001ad000 08:07 1049339    /lib/i386-linux-gnu/libc-2.17.so
b770f000-b7710000 rw-p 001af000 08:07 1049339    /lib/i386-linux-gnu/libc-2.17.so
b7710000-b7713000 rw-p 00000000 00:00 0 
b7713000-b7716000 r-xp 00000000 08:07 1049374    /lib/i386-linux-gnu/libdl-2.17.so
b7716000-b7717000 r--p 00002000 08:07 1049374    /lib/i386-linux-gnu/libdl-2.17.so
b7717000-b7718000 rw-p 00003000 08:07 1049374    /lib/i386-linux-gnu/libdl-2.17.so
b7718000-b772b000 r-xp 00000000 08:07 1967673    /usr/lib/jvm/java-7-oracle/jre/lib/i386/jli/libjli.so
b772b000-b772c000 rw-p 00012000 08:07 1967673    /usr/lib/jvm/java-7-oracle/jre/lib/i386/jli/libjli.so
b772c000-b772d000 rw-p 00000000 00:00 0 
b772d000-b7744000 r-xp 00000000 08:07 1049355    /lib/i386-linux-gnu/libpthread-2.17.so
b7744000-b7745000 r--p 00016000 08:07 1049355    /lib/i386-linux-gnu/libpthread-2.17.so
b7745000-b7746000 rw-p 00017000 08:07 1049355    /lib/i386-linux-gnu/libpthread-2.17.so
b7746000-b7749000 rw-p 00000000 00:00 0 
b7749000-b774a000 rw-p 00000000 00:00 0 
b774a000-b7751000 r-xp 00000000 08:07 1049336    /lib/i386-linux-gnu/libnss_compat-2.17.so
b7751000-b7752000 r--p 00006000 08:07 1049336    /lib/i386-linux-gnu/libnss_compat-2.17.so
b7752000-b7753000 rw-p 00007000 08:07 1049336    /lib/i386-linux-gnu/libnss_compat-2.17.so
b7753000-b7754000 rw-p 00000000 00:00 0 
b7754000-b7755000 r--p 00000000 00:00 0 
b7755000-b7760000 r-xp 00000000 08:07 1973783    /usr/lib/jvm/java-7-oracle/jre/lib/i386/libverify.so
b7760000-b7761000 rw-p 0000b000 08:07 1973783    /usr/lib/jvm/java-7-oracle/jre/lib/i386/libverify.so
b7761000-b7763000 rw-p 00000000 00:00 0 
b7763000-b7764000 r-xp 00000000 00:00 0          [vdso]
b7764000-b7784000 r-xp 00000000 08:07 1049396    /lib/i386-linux-gnu/ld-2.17.so
b7784000-b7785000 r--p 0001f000 08:07 1049396    /lib/i386-linux-gnu/ld-2.17.so
b7785000-b7786000 rw-p 00020000 08:07 1049396    /lib/i386-linux-gnu/ld-2.17.so
bffb4000-bffd5000 rw-p 00000000 00:00 0          [stack]

VM Arguments:
jvm_args: -Dfile.encoding=UTF-8 -Xbootclasspath:/home/brutus/android-sdks/platforms/android-17/android.jar 
java_command: com.aptoide.androidclient.UserSessionManager
Launcher Type: SUN_STANDARD

Environment Variables:
PATH=/usr/lib/lightdm/lightdm:/usr/local/sbin:/usr/local/bin:/usr/sbin:/usr/bin:/sbin:/bin:/usr/games:/usr/local/games
LD_LIBRARY_PATH=/usr/lib/jvm/java-7-oracle/jre/lib/i386/server:/usr/lib/jvm/java-7-oracle/jre/lib/i386:/usr/lib/jvm/java-7-oracle/jre/../lib/i386:/usr/lib/jvm/java-7-oracle/jre/lib/i386/client:/usr/lib/jvm/java-7-oracle/jre/lib/i386:
SHELL=/bin/bash
DISPLAY=:0

Signal Handlers:
SIGSEGV: [libjvm.so+0x722ea0], sa_mask[0]=0x7ffbfeff, sa_flags=0x10000004
SIGBUS: [libjvm.so+0x722ea0], sa_mask[0]=0x7ffbfeff, sa_flags=0x10000004
SIGFPE: [libjvm.so+0x5dbc80], sa_mask[0]=0x7ffbfeff, sa_flags=0x10000004
SIGPIPE: [libjvm.so+0x5dbc80], sa_mask[0]=0x7ffbfeff, sa_flags=0x10000004
SIGXFSZ: [libjvm.so+0x5dbc80], sa_mask[0]=0x7ffbfeff, sa_flags=0x10000004
SIGILL: [libjvm.so+0x5dbc80], sa_mask[0]=0x7ffbfeff, sa_flags=0x10000004
SIGUSR1: SIG_DFL, sa_mask[0]=0x00000000, sa_flags=0x00000000
SIGUSR2: [libjvm.so+0x5db560], sa_mask[0]=0x00000004, sa_flags=0x10000004
SIGHUP: SIG_DFL, sa_mask[0]=0x00000000, sa_flags=0x00000000
SIGINT: SIG_DFL, sa_mask[0]=0x00000000, sa_flags=0x00000000
SIGTERM: SIG_DFL, sa_mask[0]=0x00000000, sa_flags=0x00000000
SIGQUIT: SIG_DFL, sa_mask[0]=0x00000000, sa_flags=0x00000000


---------------  S Y S T E M  ---------------

OS:wheezy/sid

uname:Linux 3.8.0-27-generic #40-Ubuntu SMP Tue Jul 9 00:19:35 UTC 2013 i686
libc:glibc 2.17 NPTL 2.17 
rlimit: STACK 8192k, CORE 0k, NPROC 47656, NOFILE 4096, AS infinity
load average:0.09 0.19 0.24

/proc/meminfo:
MemTotal:        6116552 kB
MemFree:         4040608 kB
Buffers:          129596 kB
Cached:          1082492 kB
SwapCached:            0 kB
Active:          1199180 kB
Inactive:         769644 kB
Active(anon):     761264 kB
Inactive(anon):   205528 kB
Active(file):     437916 kB
Inactive(file):   564116 kB
Unevictable:          16 kB
Mlocked:              16 kB
HighTotal:       5289924 kB
HighFree:        3432296 kB
LowTotal:         826628 kB
LowFree:          608312 kB
SwapTotal:       1464316 kB
SwapFree:        1464316 kB
Dirty:               164 kB
Writeback:             0 kB
AnonPages:        756796 kB
Mapped:           187972 kB
Shmem:            209988 kB
Slab:              64780 kB
SReclaimable:      44852 kB
SUnreclaim:        19928 kB
KernelStack:        4784 kB
PageTables:        10676 kB
NFS_Unstable:          0 kB
Bounce:                0 kB
WritebackTmp:          0 kB
CommitLimit:     4522592 kB
Committed_AS:    4602144 kB
VmallocTotal:     122880 kB
VmallocUsed:       15504 kB
VmallocChunk:     101748 kB
HardwareCorrupted:     0 kB
AnonHugePages:         0 kB
HugePages_Total:       0
HugePages_Free:        0
HugePages_Rsvd:        0
HugePages_Surp:        0
Hugepagesize:       2048 kB
DirectMap4k:       10232 kB
DirectMap2M:      903168 kB


CPU:total 4 (2 cores per cpu, 2 threads per core) family 6 model 42 stepping 7, cmov, cx8, fxsr, mmx, sse, sse2, sse3, ssse3, sse4.1, sse4.2, popcnt, avx, ht, tsc, tscinvbit

/proc/cpuinfo:
processor	: 0
vendor_id	: GenuineIntel
cpu family	: 6
model		: 42
model name	: Intel(R) Core(TM) i5-2450M CPU @ 2.50GHz
stepping	: 7
microcode	: 0x23
cpu MHz		: 2501.000
cache size	: 3072 KB
physical id	: 0
siblings	: 4
core id		: 0
cpu cores	: 2
apicid		: 0
initial apicid	: 0
fdiv_bug	: no
hlt_bug		: no
f00f_bug	: no
coma_bug	: no
fpu		: yes
fpu_exception	: yes
cpuid level	: 13
wp		: yes
flags		: fpu vme de pse tsc msr pae mce cx8 apic sep mtrr pge mca cmov pat pse36 clflush dts acpi mmx fxsr sse sse2 ss ht tm pbe nx rdtscp lm constant_tsc arch_perfmon pebs bts xtopology nonstop_tsc aperfmperf eagerfpu pni pclmulqdq dtes64 monitor ds_cpl vmx est tm2 ssse3 cx16 xtpr pdcm pcid sse4_1 sse4_2 x2apic popcnt tsc_deadline_timer aes xsave avx lahf_lm ida arat epb xsaveopt pln pts dtherm tpr_shadow vnmi flexpriority ept vpid
bogomips	: 4988.64
clflush size	: 64
cache_alignment	: 64
address sizes	: 36 bits physical, 48 bits virtual
power management:

processor	: 1
vendor_id	: GenuineIntel
cpu family	: 6
model		: 42
model name	: Intel(R) Core(TM) i5-2450M CPU @ 2.50GHz
stepping	: 7
microcode	: 0x23
cpu MHz		: 2501.000
cache size	: 3072 KB
physical id	: 0
siblings	: 4
core id		: 0
cpu cores	: 2
apicid		: 1
initial apicid	: 1
fdiv_bug	: no
hlt_bug		: no
f00f_bug	: no
coma_bug	: no
fpu		: yes
fpu_exception	: yes
cpuid level	: 13
wp		: yes
flags		: fpu vme de pse tsc msr pae mce cx8 apic sep mtrr pge mca cmov pat pse36 clflush dts acpi mmx fxsr sse sse2 ss ht tm pbe nx rdtscp lm constant_tsc arch_perfmon pebs bts xtopology nonstop_tsc aperfmperf eagerfpu pni pclmulqdq dtes64 monitor ds_cpl vmx est tm2 ssse3 cx16 xtpr pdcm pcid sse4_1 sse4_2 x2apic popcnt tsc_deadline_timer aes xsave avx lahf_lm ida arat epb xsaveopt pln pts dtherm tpr_shadow vnmi flexpriority ept vpid
bogomips	: 4988.64
clflush size	: 64
cache_alignment	: 64
address sizes	: 36 bits physical, 48 bits virtual
power management:

processor	: 2
vendor_id	: GenuineIntel
cpu family	: 6
model		: 42
model name	: Intel(R) Core(TM) i5-2450M CPU @ 2.50GHz
stepping	: 7
microcode	: 0x23
cpu MHz		: 800.000
cache size	: 3072 KB
physical id	: 0
siblings	: 4
core id		: 1
cpu cores	: 2
apicid		: 2
initial apicid	: 2
fdiv_bug	: no
hlt_bug		: no
f00f_bug	: no
coma_bug	: no
fpu		: yes
fpu_exception	: yes
cpuid level	: 13
wp		: yes
flags		: fpu vme de pse tsc msr pae mce cx8 apic sep mtrr pge mca cmov pat pse36 clflush dts acpi mmx fxsr sse sse2 ss ht tm pbe nx rdtscp lm constant_tsc arch_perfmon pebs bts xtopology nonstop_tsc aperfmperf eagerfpu pni pclmulqdq dtes64 monitor ds_cpl vmx est tm2 ssse3 cx16 xtpr pdcm pcid sse4_1 sse4_2 x2apic popcnt tsc_deadline_timer aes xsave avx lahf_lm ida arat epb xsaveopt pln pts dtherm tpr_shadow vnmi flexpriority ept vpid
bogomips	: 4988.64
clflush size	: 64
cache_alignment	: 64
address sizes	: 36 bits physical, 48 bits virtual
power management:

processor	: 3
vendor_id	: GenuineIntel
cpu family	: 6
model		: 42
model name	: Intel(R) Core(TM) i5-2450M CPU @ 2.50GHz
stepping	: 7
microcode	: 0x23
cpu MHz		: 800.000
cache size	: 3072 KB
physical id	: 0
siblings	: 4
core id		: 1
cpu cores	: 2
apicid		: 3
initial apicid	: 3
fdiv_bug	: no
hlt_bug		: no
f00f_bug	: no
coma_bug	: no
fpu		: yes
fpu_exception	: yes
cpuid level	: 13
wp		: yes
flags		: fpu vme de pse tsc msr pae mce cx8 apic sep mtrr pge mca cmov pat pse36 clflush dts acpi mmx fxsr sse sse2 ss ht tm pbe nx rdtscp lm constant_tsc arch_perfmon pebs bts xtopology nonstop_tsc aperfmperf eagerfpu pni pclmulqdq dtes64 monitor ds_cpl vmx est tm2 ssse3 cx16 xtpr pdcm pcid sse4_1 sse4_2 x2apic popcnt tsc_deadline_timer aes xsave avx lahf_lm ida arat epb xsaveopt pln pts dtherm tpr_shadow vnmi flexpriority ept vpid
bogomips	: 4988.64
clflush size	: 64
cache_alignment	: 64
address sizes	: 36 bits physical, 48 bits virtual
power management:



Memory: 4k page, physical 6116552k(4040608k free), swap 1464316k(1464316k free)

vm_info: Java HotSpot(TM) Server VM (23.21-b01) for linux-x86 JRE (1.7.0_21-b11), built on Apr  4 2013 04:20:11 by "java_re" with gcc 4.3.0 20080428 (Red Hat 4.3.0-8)

time: Fri Aug 16 14:45:07 2013
elapsed time: 0 seconds

