[david-guerrero-guerrero.store.aptoide.com/app/market/com.popcap.pvz_row/50002370/3499238/Plants vs.html]
[backblue.gif]
[fade.gif]
[index.html]
[cdn1.aptoide.com/includes/themes/default/images/logotipo.png]
[cdn1.aptoide.com/includes/themes/default/favicon.ico]
[www.aptoide.com/feed/david-guerrero-guerrero.html]
[cdn1.aptoide.com/includes/themes/default/css/style23f29.css]
[cdn1.aptoide.com/includes/js/fancybox/jquery.fancybox-1.3.43f29.css]
[cdn1.aptoide.com/includes/js/jquery.ajaxq-0.0.1cf83.js]
[cdn1.aptoide.com/includes/js/jquery.colorcf83.js]
[cdn1.aptoide.com/includes/themes/default/css/style3f29.css]
[cdn1.aptoide.com/includes/js/bazaar.repo_viewcf83.js]
[cdn1.aptoide.com/includes/js/jquery-1.7.1.mincf83.js]
[cdn1.aptoide.com/includes/js/bazaar.AJAXcf83.js]
[cdn1.aptoide.com/includes/js/jquery.jcarousellite_1.0.1.mincf83.js]
[cdn1.aptoide.com/includes/js/fancybox/jquery.fancybox-1.3.4.packcf83.js]
[cdn1.aptoide.com/includes/js/fancybox/jquery.mousewheel-3.0.4.packcf83.js]
[cdn1.aptoide.com/includes/js/bazaar.socialcf83.js]
[cdn1.aptoide.com/includes/js/bazaar.add.readmorecf83.js]
[cdn1.aptoide.com/includes/js/aptoide.apk.flagscf83.js]
[cdn1.aptoide.com/includes/themes/default/images/twitter-follow_me-b.png]
[cdn1.aptoide.com/imgs/0/e/4/0e4d0016f51e74bf6b7d51704dc6df6c.png]
[cdn1.aptoide.com/includes/themes/default/images/green_icon.png]
[cdn1.aptoide.com/includes/themes/default/images/botao_install.png]
[cdn1.aptoide.com/includes/themes/default/images/aptoide_new_install.png]
[cdn1.aptoide.com/includes/themes/default/images/apk-qrcode.png]
[cdn1.aptoide.com/includes/themes/default/images/aptoide-01.png]
[cdn1.aptoide.com/includes/themes/default/images/aptoide-02.png]
[cdn1.aptoide.com/includes/themes/default/images/mobile_page.png]
[david-guerrero-guerrero.store.aptoide.com/images/app_qrcodes/david-guerrero-guerrero/3d56cc4692d70643f54e1c8a79aa1fb8.png]
[cdn1.aptoide.com/includes/themes/default/images/yes.png]
[cdn1.aptoide.com/includes/themes/default/images/sophos_av.png]
[cdn1.aptoide.com/includes/themes/default/images/zoner_av.png]
[cdn1.aptoide.com/includes/themes/default/images/scann3.png]
[cdn1.aptoide.com/imgs/9/3/5/935a9a96f97204fc8de94e18e9825bdc.png]
[cdn1.aptoide.com/imgs/9/3/5/935a9a96f97204fc8de94e18e9825bdc_140x233.png]
[cdn1.aptoide.com/imgs/7/7/4/7744708837b4a46eb1b35a8c9a5e3caf.png]
[cdn1.aptoide.com/imgs/7/7/4/7744708837b4a46eb1b35a8c9a5e3caf_140x233.png]
[cdn1.aptoide.com/imgs/a/6/1/a616abe186147cc9637b0647b1c51ca7.png]
[cdn1.aptoide.com/imgs/a/6/1/a616abe186147cc9637b0647b1c51ca7_140x233.png]
[cdn1.aptoide.com/imgs/7/e/c/7ec6f9c5896323fc8fea30e6b5c276d2.png]
[cdn1.aptoide.com/imgs/7/e/c/7ec6f9c5896323fc8fea30e6b5c276d2_140x233.png]
[cdn1.aptoide.com/imgs/5/d/8/5d80fb5e934a7d6e7970cc839efda2b7.png]
[cdn1.aptoide.com/imgs/5/d/8/5d80fb5e934a7d6e7970cc839efda2b7_140x233.png]
[cdn1.aptoide.com/includes/themes/default/images/good.png]
[cdn1.aptoide.com/includes/themes/default/images/license.png]
[cdn1.aptoide.com/includes/themes/default/images/fake.png]
[cdn1.aptoide.com/includes/themes/default/images/freeze.png]
[cdn1.aptoide.com/includes/themes/default/images/virus.png]
[cdn1.aptoide.com/includes/themes/default/images/Facebook-icon.png]
[david-guerrero-guerrero.store.aptoide.com/app/market/com.popcap.pvz_row/50002370/3499238/Plants vs.html]
[cdn1.aptoide.com/includes/themes/default/images/Twitter-icon.png]
[www.aptoide.com/feed/david-guerrero-guerrero.html]
[cdn1.aptoide.com/includes/themes/default/images/twitter-follow_me-b.png]
[cdn1.aptoide.com/imgs/0/e/4/0e4d0016f51e74bf6b7d51704dc6df6c.png]
[cdn1.aptoide.com/includes/themes/default/images/green_icon.png]
[cdn1.aptoide.com/includes/themes/default/images/botao_install.png]
[cdn1.aptoide.com/includes/themes/default/images/aptoide_new_install.png]
[cdn1.aptoide.com/includes/themes/default/images/apk-qrcode.png]
[cdn1.aptoide.com/includes/themes/default/images/button1.png]
[cdn1.aptoide.com/includes/themes/default/images/aptoide-01.png]
[cdn1.aptoide.com/includes/themes/default/images/button1_hover.png]
[cdn1.aptoide.com/includes/themes/default/images/button2.png]
[cdn1.aptoide.com/includes/themes/default/images/button2_hover.png]
[cdn1.aptoide.com/includes/themes/default/images/aptoide-02.png]
[cdn1.aptoide.com/includes/themes/default/images/button3.png]
[cdn1.aptoide.com/includes/themes/default/images/button3_hover.png]
[cdn1.aptoide.com/includes/themes/default/images/fundo.png]
[cdn1.aptoide.com/includes/themes/default/images/mobile_page.png]
[cdn1.aptoide.com/includes/themes/default/images/efeito_cima.png]
[david-guerrero-guerrero.store.aptoide.com/images/app_qrcodes/david-guerrero-guerrero/3d56cc4692d70643f54e1c8a79aa1fb8.png]
[cdn1.aptoide.com/includes/themes/default/images/pesquisa.png]
[cdn1.aptoide.com/includes/themes/default/images/pesquisa_submit.png]
[cdn1.aptoide.com/includes/themes/default/images/menu1.png]
[cdn1.aptoide.com/includes/themes/default/images/menu3.png]
[cdn1.aptoide.com/includes/themes/default/images/menu2.png]
[cdn1.aptoide.com/includes/themes/default/images/menu_superior_over.jpg]
[cdn1.aptoide.com/includes/themes/default/images/menu_admin_gray.png]
[cdn1.aptoide.com/includes/themes/default/images/menu_admin2_gray.png]
[cdn1.aptoide.com/includes/themes/default/images/menu_admin_gray2.png]
[cdn1.aptoide.com/includes/themes/default/images/yes.png]
[cdn1.aptoide.com/includes/themes/default/images/sophos_av.png]
[cdn1.aptoide.com/includes/themes/default/images/zoner_av.png]
[cdn1.aptoide.com/includes/themes/default/images/scann3.png]
[cdn1.aptoide.com/imgs/9/3/5/935a9a96f97204fc8de94e18e9825bdc.png]
[cdn1.aptoide.com/imgs/9/3/5/935a9a96f97204fc8de94e18e9825bdc_140x233.png]
[cdn1.aptoide.com/includes/themes/default/images/um.png]
[cdn1.aptoide.com/imgs/7/7/4/7744708837b4a46eb1b35a8c9a5e3caf.png]
[cdn1.aptoide.com/imgs/7/7/4/7744708837b4a46eb1b35a8c9a5e3caf_140x233.png]
[cdn1.aptoide.com/imgs/a/6/1/a616abe186147cc9637b0647b1c51ca7.png]
[cdn1.aptoide.com/imgs/a/6/1/a616abe186147cc9637b0647b1c51ca7_140x233.png]
[cdn1.aptoide.com/imgs/7/e/c/7ec6f9c5896323fc8fea30e6b5c276d2_140x233.png]
[cdn1.aptoide.com/imgs/5/d/8/5d80fb5e934a7d6e7970cc839efda2b7_140x233.png]
[cdn1.aptoide.com/includes/themes/default/images/dois.png]
[cdn1.aptoide.com/includes/themes/default/images/tres.png]
[cdn1.aptoide.com/includes/themes/default/images/caixa_cinzenta_topo.png]
[cdn1.aptoide.com/includes/themes/default/images/caixa_cinzenta_background.png]
[cdn1.aptoide.com/includes/themes/default/images/caixa_cinzenta_rodape.png]
[cdn1.aptoide.com/includes/themes/default/images/tabela_1_topo.png]
[cdn1.aptoide.com/includes/themes/default/images/tabela_1_meio.jpg]
[cdn1.aptoide.com/includes/themes/default/images/tabela_1_baixo.png]
[cdn1.aptoide.com/includes/themes/default/images/tabela_search_topo.png]
[cdn1.aptoide.com/includes/themes/default/images/tabela_search_meio.jpg]
[cdn1.aptoide.com/includes/themes/default/images/tabela_more_topo.png]
[cdn1.aptoide.com/includes/themes/default/images/tabela_more_meio.jpg]
[cdn1.aptoide.com/includes/themes/default/images/tabela_1_topo2.png]
[cdn1.aptoide.com/includes/themes/default/images/tabela_1_horiz_topo.png]
[cdn1.aptoide.com/includes/themes/default/images/tabela_1_horiz_meio.png]
[cdn1.aptoide.com/includes/themes/default/images/tabela_1_horiz_baixo.png]
[cdn1.aptoide.com/includes/themes/default/images/tabela_search_baixo.png]
[cdn1.aptoide.com/includes/themes/default/images/tabela_more_baixo.png]
[cdn1.aptoide.com/includes/themes/default/images/tabela_1_baixo2.png]
[cdn1.aptoide.com/includes/themes/default/images/upload.png]
[cdn1.aptoide.com/includes/themes/default/images/upload_mouseover.png]
[cdn1.aptoide.com/includes/themes/default/images/uploaddrop.png]
[cdn1.aptoide.com/includes/themes/default/images/good.png]
[cdn1.aptoide.com/includes/themes/default/images/license.png]
[cdn1.aptoide.com/includes/themes/default/images/uploaddrop_mouseover.png]
[cdn1.aptoide.com/includes/themes/default/images/customize_repo.png]
[cdn1.aptoide.com/includes/themes/default/images/fake.png]
[cdn1.aptoide.com/includes/themes/default/images/twitter-follow_me-a.png]
[cdn1.aptoide.com/includes/themes/default/images/twitter-follow_me-a-mouseover.png]
[cdn1.aptoide.com/includes/themes/default/images/like.png]
[cdn1.aptoide.com/includes/themes/default/images/dislike.png]
[cdn1.aptoide.com/includes/themes/default/images/quote_top.png]
[cdn1.aptoide.com/includes/themes/default/images/quote_bottom.png]
[cdn1.aptoide.com/includes/themes/default/images/titulo_azul.png]
[cdn1.aptoide.com/includes/themes/default/images/titulo_laranja.png]
[cdn1.aptoide.com/includes/themes/default/images/tabela_grande_topo2.png]
[cdn1.aptoide.com/includes/themes/default/images/tabela_grande_background.png]
[cdn1.aptoide.com/includes/themes/default/images/tabela_grande_rodape.png]
[cdn1.aptoide.com/includes/themes/default/images/tabela_full_topo.png]
[cdn1.aptoide.com/includes/themes/default/images/tabela_full_topo3.png]
[cdn1.aptoide.com/includes/themes/default/images/tabela_full_background.png]
[cdn1.aptoide.com/includes/themes/default/images/tabela_full_rodape.png]
[cdn1.aptoide.com/includes/themes/default/images/add.png]
[cdn1.aptoide.com/includes/themes/default/images/add_disabled.png]
[cdn1.aptoide.com/includes/themes/default/images/rem.png]
[cdn1.aptoide.com/includes/themes/default/images/rem_disabled.png]
[cdn1.aptoide.com/includes/themes/default/images/botao_like.png]
[cdn1.aptoide.com/includes/themes/default/images/botao_dontlike.png]
[cdn1.aptoide.com/includes/themes/default/images/barra_bottom.png]
[cdn1.aptoide.com/includes/themes/default/images/freeze.png]
[cdn1.aptoide.com/includes/themes/default/images/applicationrequests.png]
[cdn1.aptoide.com/includes/themes/default/images/Twitter-icon.png]
[cdn1.aptoide.com/includes/themes/default/images/virus.png]
[cdn1.aptoide.com/includes/themes/default/images/Facebook-icon.png]
[cdn1.aptoide.com/includes/themes/default/images/applicationrequests_mouseover.png]
[cdn1.aptoide.com/includes/themes/default/images/wizard-steps.png]
[cdn1.aptoide.com/includes/themes/default/images/icon_bin.png]
[cdn1.aptoide.com/includes/themes/default/images/icon_distro.png]
[cdn1.aptoide.com/includes/themes/default/images/icon_stats.png]
[cdn1.aptoide.com/includes/themes/default/images/icon_euro.png]
[cdn1.aptoide.com/includes/themes/default/images/icon_options.png]
[cdn1.aptoide.com/includes/themes/default/images/icon_expand.png]
[cdn1.aptoide.com/includes/themes/default/images/icon_help.png]
[cdn1.aptoide.com/includes/themes/default/css/style3f29.css]
[cdn1.aptoide.com/includes/themes/default/images/tlm_screen.png]
[cdn1.aptoide.com/includes/themes/default/css/style23f29.css]
[cdn1.aptoide.com/includes/themes/default/images/button1_hover.png]
[cdn1.aptoide.com/includes/themes/default/images/button2.png]
[cdn1.aptoide.com/includes/js/fancybox/fancybox.png]
[cdn1.aptoide.com/includes/js/fancybox/blank.gif]
[cdn1.aptoide.com/includes/js/fancybox/fancybox-x.png]
[cdn1.aptoide.com/includes/js/fancybox/fancybox-y.png]
[cdn1.aptoide.com/includes/js/fancybox/fancy_title_over.png]
[cdn1.aptoide.com/includes/themes/default/images/button3.png]
[cdn1.aptoide.com/includes/themes/default/images/button2_hover.png]
[cdn1.aptoide.com/includes/themes/default/images/button3_hover.png]
[cdn1.aptoide.com/includes/themes/default/images/fundo.png]
[cdn1.aptoide.com/includes/themes/default/images/efeito_cima.png]
[cdn1.aptoide.com/includes/themes/default/images/pesquisa.png]
[cdn1.aptoide.com/includes/themes/default/images/pesquisa_submit.png]
[cdn1.aptoide.com/includes/themes/default/images/menu1.png]
[cdn1.aptoide.com/includes/themes/default/images/menu3.png]
[cdn1.aptoide.com/includes/themes/default/images/menu_superior_over.jpg]
[cdn1.aptoide.com/includes/themes/default/images/menu2.png]
[cdn1.aptoide.com/includes/themes/default/images/menu_admin_gray.png]
[cdn1.aptoide.com/includes/themes/default/images/menu_admin2_gray.png]
[cdn1.aptoide.com/includes/themes/default/images/menu_admin_gray2.png]
[cdn1.aptoide.com/includes/themes/default/images/um.png]
[cdn1.aptoide.com/includes/themes/default/images/dois.png]
[cdn1.aptoide.com/includes/themes/default/images/tres.png]
[cdn1.aptoide.com/includes/themes/default/images/caixa_cinzenta_topo.png]
[cdn1.aptoide.com/includes/themes/default/images/caixa_cinzenta_background.png]
[cdn1.aptoide.com/includes/themes/default/images/caixa_cinzenta_rodape.png]
[cdn1.aptoide.com/includes/themes/default/images/tabela_1_topo.png]
[cdn1.aptoide.com/includes/themes/default/images/tabela_1_meio.jpg]
[cdn1.aptoide.com/includes/themes/default/images/tabela_1_baixo.png]
[cdn1.aptoide.com/includes/themes/default/images/tabela_search_topo.png]
[cdn1.aptoide.com/includes/themes/default/images/tabela_search_meio.jpg]
[cdn1.aptoide.com/includes/themes/default/images/tabela_more_topo.png]
[cdn1.aptoide.com/includes/themes/default/images/tabela_more_meio.jpg]
[cdn1.aptoide.com/includes/themes/default/images/tabela_1_topo2.png]
[cdn1.aptoide.com/includes/themes/default/images/tabela_1_horiz_topo.png]
[cdn1.aptoide.com/includes/themes/default/images/tabela_1_horiz_meio.png]
[cdn1.aptoide.com/includes/themes/default/images/tabela_1_horiz_baixo.png]
[cdn1.aptoide.com/includes/themes/default/images/tabela_more_baixo.png]
[cdn1.aptoide.com/includes/themes/default/images/tabela_1_baixo2.png]
[cdn1.aptoide.com/includes/themes/default/images/upload.png]
[cdn1.aptoide.com/includes/themes/default/images/upload_mouseover.png]
[cdn1.aptoide.com/includes/themes/default/images/uploaddrop.png]
[cdn1.aptoide.com/includes/themes/default/images/uploaddrop_mouseover.png]
[cdn1.aptoide.com/includes/themes/default/images/customize_repo.png]
[cdn1.aptoide.com/includes/js/fancybox/jquery.fancybox-1.3.43f29.css]
[cdn1.aptoide.com/includes/js/jquery-1.7.1.mincf83.js]
[cdn1.aptoide.com/includes/themes/default/images/twitter-follow_me-a-mouseover.png]
[cdn1.aptoide.com/includes/themes/default/images/dislike.png]
[cdn1.aptoide.com/includes/themes/default/images/quote_top.png]
[cdn1.aptoide.com/includes/js/jquery.colorcf83.js]
[cdn1.aptoide.com/includes/js/jquery.ajaxq-0.0.1cf83.js]
[cdn1.aptoide.com/includes/js/bazaar.profilercf83.js]
[cdn1.aptoide.com/includes/themes/default/images/twitter-follow_me-a.png]
[cdn1.aptoide.com/includes/js/bazaar.localecf83.js]
[cdn1.aptoide.com/includes/themes/default/images/quote_bottom.png]
[cdn1.aptoide.com/includes/themes/default/images/titulo_azul.png]
[cdn1.aptoide.com/includes/themes/default/images/tabela_grande_topo2.png]
[cdn1.aptoide.com/includes/js/bazaar.apk_list_permissionscf83.js]
[cdn1.aptoide.com/includes/js/bazaar.repo_viewcf83.js]
[cdn1.aptoide.com/includes/themes/default/images/tabela_grande_background.png]
[cdn1.aptoide.com/includes/themes/default/images/tabela_grande_rodape.png]
[cdn1.aptoide.com/includes/themes/default/images/tabela_full_topo3.png]
[cdn1.aptoide.com/includes/themes/default/images/tabela_full_background.png]
[cdn1.aptoide.com/includes/themes/default/images/tabela_full_rodape.png]
[david-guerrero-guerrero.store.aptoide.com/app/market/com.popcap.pvz_row/50002370/3499238/expressInstall.html]
[cdn1.aptoide.com/includes/js/bazaar.AJAXcf83.js]
[cdn1.aptoide.com/includes/js/jquery.jcarousellite_1.0.1.mincf83.js]
[cdn1.aptoide.com/includes/js/fancybox/jquery.fancybox-1.3.4.packcf83.js]
[cdn1.aptoide.com/includes/js/fancybox/jquery.mousewheel-3.0.4.packcf83.js]
[cdn1.aptoide.com/includes/themes/default/images/add.png]
[cdn1.aptoide.com/includes/themes/default/images/rem_disabled.png]
[cdn1.aptoide.com/includes/themes/default/images/rem.png]
[cdn1.aptoide.com/includes/themes/default/images/botao_like.png]
[connect.facebook.net/en_US/all.js]
[cdn1.aptoide.com/includes/themes/default/images/botao_dontlike.png]
[cdn1.aptoide.com/includes/themes/default/images/barra_bottom.png]
[cdn1.aptoide.com/includes/themes/default/images/applicationrequests.png]
[cdn1.aptoide.com/includes/themes/default/images/applicationrequests_mouseover.png]
[cdn1.aptoide.com/includes/themes/default/images/wizard-steps.png]
[apis.google.com/js/plusone.js]
[cdn1.aptoide.com/includes/themes/default/images/icon_bin.png]
[cdn1.aptoide.com/includes/js/bazaar.socialcf83.js]
[cdn1.aptoide.com/includes/js/bazaar.add.readmorecf83.js]
[cdn1.aptoide.com/includes/themes/default/images/icon_stats.png]
[cdn1.aptoide.com/includes/js/aptoide.apk.flagscf83.js]
[cdn1.aptoide.com/includes/themes/default/images/icon_euro.png]
[cdn1.aptoide.com/includes/themes/default/images/icon_options.png]
[cdn1.aptoide.com/includes/themes/default/images/icon_expand.png]
[cdn1.aptoide.com/includes/themes/default/images/icon_help.png]
[platform.twitter.com/widgets.js]
[cdn1.aptoide.com/includes/themes/default/images/tlm_screen.png]
[cdn1.aptoide.com/includes/js/fancybox/fancybox.png]
[cdn1.aptoide.com/includes/themes/default/images/topfade.html]
[cdn1.aptoide.com/includes/js/fancybox/fancybox-x.png]
[cdn1.aptoide.com/includes/js/fancybox/fancybox-y.png]
[cdn1.aptoide.com/includes/js/fancybox/fancybox/fancy_close.html]
[cdn1.aptoide.com/includes/js/fancybox/fancybox/fancy_nav_left.html]
[cdn1.aptoide.com/includes/js/fancybox/fancybox/fancy_nav_right.html]
[cdn1.aptoide.com/includes/js/fancybox/fancybox/fancy_title_over.html]
[cdn1.aptoide.com/includes/js/fancybox/fancybox/fancy_title_left.html]
[cdn1.aptoide.com/includes/js/fancybox/fancybox/fancy_title_main.html]
[cdn1.aptoide.com/includes/js/fancybox/fancybox/fancy_title_right.html]
[cdn1.aptoide.com/includes/js/fancybox/fancybox/fancy_loading.html]
[cdn1.aptoide.com/includes/js/fancybox/fancybox/fancy_shadow_n.html]
[cdn1.aptoide.com/includes/js/fancybox/fancybox/fancy_shadow_ne.html]
[cdn1.aptoide.com/includes/js/fancybox/fancybox/fancy_shadow_e.html]
[cdn1.aptoide.com/includes/js/fancybox/fancybox/fancy_shadow_se.html]
[cdn1.aptoide.com/includes/js/fancybox/fancybox/fancy_shadow_s.html]
[cdn1.aptoide.com/includes/js/fancybox/fancybox/fancy_shadow_sw.html]
[cdn1.aptoide.com/includes/js/fancybox/fancybox/fancy_shadow_w.html]
[cdn1.aptoide.com/includes/js/fancybox/fancybox/fancy_shadow_nw.html]
[david-guerrero-guerrero.store.aptoide.com/app/market/com.popcap.pvz_row/50002370/3499238/expressInstall.html]
[connect.facebook.net/en_US/all.js]
[cdn1.aptoide.com/includes/js/fancybox/fancy_title_over.png]
